<?xml version="1.0" encoding="UTF-8"?>
<!-- Generated by org.testng.reporters.JUnitReportReporter -->
<testsuite hostname="DESKTOP-33T1UE2" failures="0" tests="1" name="Test_Acti.TestClass" time="14.530" errors="0" timestamp="2022-11-14T22:38:06 IST" skipped="0">
  <testcase classname="Test_Acti.TestClass" name="textVerify" time="14.530"/>
  <system-out/>
</testsuite> <!-- Test_Acti.TestClass -->
